# JRE version: Java(TM) SE Runtime Environment (8.0_201-b09) (build 1.8.0_201-b09)
# Java VM: Java HotSpot(TM) 64-Bit Server VM (25.201-b09 mixed mode windows-amd64 compressed oops)
Heap:
 PSYoungGen      total 144896K, used 6211K [0x00000000eab00000, 0x00000000f5b80000, 0x0000000100000000)
  eden space 134656K, 0% used [0x00000000eab00000,0x00000000eab00000,0x00000000f2e80000)
  from space 10240K, 60% used [0x00000000f3880000,0x00000000f3e90da0,0x00000000f4280000)
  to   space 10240K, 0% used [0x00000000f2e80000,0x00000000f2e80000,0x00000000f3880000)
 ParOldGen       total 34816K, used 15420K [0x00000000c0000000, 0x00000000c2200000, 0x00000000eab00000)
  object space 34816K, 44% used [0x00000000c0000000,0x00000000c0f0f048,0x00000000c2200000)
 Metaspace       used 34784K, capacity 35286K, committed 35496K, reserved 1079296K
  class space    used 4894K, capacity 5137K, committed 5168K, reserved 1048576K
GC Heap History (10 events):
Event: 10.648 GC heap after
Heap after GC invocations=7 (full 0):
 PSYoungGen      total 66560K, used 3979K [0x00000000eab00000, 0x00000000f2c00000, 0x0000000100000000)
  eden space 58880K, 0% used [0x00000000eab00000,0x00000000eab00000,0x00000000ee480000)
  from space 7680K, 51% used [0x00000000ee480000,0x00000000ee862fb8,0x00000000eec00000)
  to   space 7168K, 0% used [0x00000000f2500000,0x00000000f2500000,0x00000000f2c00000)
 ParOldGen       total 38400K, used 11548K [0x00000000c0000000, 0x00000000c2580000, 0x00000000eab00000)
  object space 38400K, 30% used [0x00000000c0000000,0x00000000c0b47238,0x00000000c2580000)
 Metaspace       used 20865K, capacity 21166K, committed 21296K, reserved 1067008K
  class space    used 2991K, capacity 3099K, committed 3120K, reserved 1048576K
}
Event: 10.649 GC heap before
{Heap before GC invocations=8 (full 1):
 PSYoungGen      total 66560K, used 3979K [0x00000000eab00000, 0x00000000f2c00000, 0x0000000100000000)
  eden space 58880K, 0% used [0x00000000eab00000,0x00000000eab00000,0x00000000ee480000)
  from space 7680K, 51% used [0x00000000ee480000,0x00000000ee862fb8,0x00000000eec00000)
  to   space 7168K, 0% used [0x00000000f2500000,0x00000000f2500000,0x00000000f2c00000)
 ParOldGen       total 38400K, used 11548K [0x00000000c0000000, 0x00000000c2580000, 0x00000000eab00000)
  object space 38400K, 30% used [0x00000000c0000000,0x00000000c0b47238,0x00000000c2580000)
 Metaspace       used 20865K, capacity 21166K, committed 21296K, reserved 1067008K
  class space    used 2991K, capacity 3099K, committed 3120K, reserved 1048576K
Event: 10.740 GC heap after
Heap after GC invocations=8 (full 1):
 PSYoungGen      total 66560K, used 0K [0x00000000eab00000, 0x00000000f2c00000, 0x0000000100000000)
  eden space 58880K, 0% used [0x00000000eab00000,0x00000000eab00000,0x00000000ee480000)
  from space 7680K, 0% used [0x00000000ee480000,0x00000000ee480000,0x00000000eec00000)
  to   space 7168K, 0% used [0x00000000f2500000,0x00000000f2500000,0x00000000f2c00000)
 ParOldGen       total 34816K, used 9756K [0x00000000c0000000, 0x00000000c2200000, 0x00000000eab00000)
  object space 34816K, 28% used [0x00000000c0000000,0x00000000c0987000,0x00000000c2200000)
 Metaspace       used 20865K, capacity 21166K, committed 21296K, reserved 1067008K
  class space    used 2991K, capacity 3099K, committed 3120K, reserved 1048576K
}
Event: 12.977 GC heap before
{Heap before GC invocations=9 (full 1):
 PSYoungGen      total 66560K, used 58880K [0x00000000eab00000, 0x00000000f2c00000, 0x0000000100000000)
  eden space 58880K, 100% used [0x00000000eab00000,0x00000000ee480000,0x00000000ee480000)
  from space 7680K, 0% used [0x00000000ee480000,0x00000000ee480000,0x00000000eec00000)
  to   space 7168K, 0% used [0x00000000f2500000,0x00000000f2500000,0x00000000f2c00000)
 ParOldGen       total 34816K, used 9756K [0x00000000c0000000, 0x00000000c2200000, 0x00000000eab00000)
  object space 34816K, 28% used [0x00000000c0000000,0x00000000c0987000,0x00000000c2200000)
 Metaspace       used 26213K, capacity 26564K, committed 26928K, reserved 1073152K
  class space    used 3634K, capacity 3786K, committed 3888K, reserved 1048576K
Event: 13.004 GC heap after
Heap after GC invocations=9 (full 1):
 PSYoungGen      total 104448K, used 6532K [0x00000000eab00000, 0x00000000f2b80000, 0x0000000100000000)
  eden space 97792K, 0% used [0x00000000eab00000,0x00000000eab00000,0x00000000f0a80000)
  from space 6656K, 98% used [0x00000000f2500000,0x00000000f2b61370,0x00000000f2b80000)
  to   space 8192K, 0% used [0x00000000f1b80000,0x00000000f1b80000,0x00000000f2380000)
 ParOldGen       total 34816K, used 9764K [0x00000000c0000000, 0x00000000c2200000, 0x00000000eab00000)
  object space 34816K, 28% used [0x00000000c0000000,0x00000000c0989000,0x00000000c2200000)
 Metaspace       used 26213K, capacity 26564K, committed 26928K, reserved 1073152K
  class space    used 3634K, capacity 3786K, committed 3888K, reserved 1048576K
}
Event: 18.864 GC heap before
{Heap before GC invocations=10 (full 1):
 PSYoungGen      total 104448K, used 104324K [0x00000000eab00000, 0x00000000f2b80000, 0x0000000100000000)
  eden space 97792K, 100% used [0x00000000eab00000,0x00000000f0a80000,0x00000000f0a80000)
  from space 6656K, 98% used [0x00000000f2500000,0x00000000f2b61370,0x00000000f2b80000)
  to   space 8192K, 0% used [0x00000000f1b80000,0x00000000f1b80000,0x00000000f2380000)
 ParOldGen       total 34816K, used 9764K [0x00000000c0000000, 0x00000000c2200000, 0x00000000eab00000)
  object space 34816K, 28% used [0x00000000c0000000,0x00000000c0989000,0x00000000c2200000)
 Metaspace       used 31048K, capacity 31546K, committed 31792K, reserved 1077248K
  class space    used 4416K, capacity 4614K, committed 4656K, reserved 1048576K
Event: 18.907 GC heap after
Heap after GC invocations=10 (full 1):
 PSYoungGen      total 123392K, used 8188K [0x00000000eab00000, 0x00000000f4280000, 0x0000000100000000)
  eden space 115200K, 0% used [0x00000000eab00000,0x00000000eab00000,0x00000000f1b80000)
  from space 8192K, 99% used [0x00000000f1b80000,0x00000000f237f358,0x00000000f2380000)
  to   space 10240K, 0% used [0x00000000f3880000,0x00000000f3880000,0x00000000f4280000)
 ParOldGen       total 34816K, used 12555K [0x00000000c0000000, 0x00000000c2200000, 0x00000000eab00000)
  object space 34816K, 36% used [0x00000000c0000000,0x00000000c0c42fc8,0x00000000c2200000)
 Metaspace       used 31048K, capacity 31546K, committed 31792K, reserved 1077248K
  class space    used 4416K, capacity 4614K, committed 4656K, reserved 1048576K
}
Event: 20.204 GC heap before
{Heap before GC invocations=11 (full 1):
 PSYoungGen      total 123392K, used 26553K [0x00000000eab00000, 0x00000000f4280000, 0x0000000100000000)
  eden space 115200K, 15% used [0x00000000eab00000,0x00000000ebcef0f8,0x00000000f1b80000)
  from space 8192K, 99% used [0x00000000f1b80000,0x00000000f237f358,0x00000000f2380000)
  to   space 10240K, 0% used [0x00000000f3880000,0x00000000f3880000,0x00000000f4280000)
 ParOldGen       total 34816K, used 12555K [0x00000000c0000000, 0x00000000c2200000, 0x00000000eab00000)
  object space 34816K, 36% used [0x00000000c0000000,0x00000000c0c42fc8,0x00000000c2200000)
 Metaspace       used 34784K, capacity 35286K, committed 35496K, reserved 1079296K
  class space    used 4894K, capacity 5137K, committed 5168K, reserved 1048576K
Event: 20.233 GC heap after
Heap after GC invocations=11 (full 1):
 PSYoungGen      total 144896K, used 6211K [0x00000000eab00000, 0x00000000f5b80000, 0x0000000100000000)
  eden space 134656K, 0% used [0x00000000eab00000,0x00000000eab00000,0x00000000f2e80000)
  from space 10240K, 60% used [0x00000000f3880000,0x00000000f3e90da0,0x00000000f4280000)
  to   space 10240K, 0% used [0x00000000f2e80000,0x00000000f2e80000,0x00000000f3880000)
 ParOldGen       total 34816K, used 15420K [0x00000000c0000000, 0x00000000c2200000, 0x00000000eab00000)
  object space 34816K, 44% used [0x00000000c0000000,0x00000000c0f0f048,0x00000000c2200000)
 Metaspace       used 34784K, capacity 35286K, committed 35496K, reserved 1079296K
  class space    used 4894K, capacity 5137K, committed 5168K, reserved 1048576K
}
Event: 20.233 GC heap before
{Heap before GC invocations=12 (full 2):
 PSYoungGen      total 144896K, used 6211K [0x00000000eab00000, 0x00000000f5b80000, 0x0000000100000000)
  eden space 134656K, 0% used [0x00000000eab00000,0x00000000eab00000,0x00000000f2e80000)
  from space 10240K, 60% used [0x00000000f3880000,0x00000000f3e90da0,0x00000000f4280000)
  to   space 10240K, 0% used [0x00000000f2e80000,0x00000000f2e80000,0x00000000f3880000)
 ParOldGen       total 34816K, used 15420K [0x00000000c0000000, 0x00000000c2200000, 0x00000000eab00000)
  object space 34816K, 44% used [0x00000000c0000000,0x00000000c0f0f048,0x00000000c2200000)
 Metaspace       used 34784K, capacity 35286K, committed 35496K, reserved 1079296K
  class space    used 4894K, capacity 5137K, committed 5168K, reserved 1048576K

